<?xml version="1.0" encoding="UTF-8"?>
<testsuite name="service.SeviceMockTest" tests="3" skipped="0" failures="0" errors="0" timestamp="2022-03-31T16:39:31" hostname="DESKTOP-9LEKH5F" time="1.24">
  <properties/>
  <testcase name="GivenValidDataUpdateStudentSuccesful()" classname="service.SeviceMockTest" time="1.229"/>
  <testcase name="saveHomeworkWithValidData()" classname="service.SeviceMockTest" time="0.006"/>
  <testcase name="givenValidDataSaveStudentSuccesful()" classname="service.SeviceMockTest" time="0.004"/>
  <system-out><![CDATA[]]></system-out>
  <system-err><![CDATA[]]></system-err>
</testsuite>
